Flutter crash report; please file at https://github.com/flutter/flutter/issues.

## command

flutter create phonebook

## exception

ProcessException: ProcessException: No such file or directory
  Command: /root/development/flutter/bin/cache/dart-sdk/bin/pub --verbosity=warning get --no-precompile

```
#0      _DefaultProcessUtils.stream (package:flutter_tools/src/base/process.dart:431:29)
<asynchronous suspension>
#1      _DefaultPub.batch (package:flutter_tools/src/dart/pub.dart:259:33)
<asynchronous suspension>
#2      _DefaultPub.get (package:flutter_tools/src/dart/pub.dart:176:15)
#3      CreateCommand._generateApp (package:flutter_tools/src/commands/create.dart:588:17)
#4      CreateCommand.runCommand (package:flutter_tools/src/commands/create.dart:429:37)
<asynchronous suspension>
#5      FlutterCommand.verifyThenRunCommand (package:flutter_tools/src/runner/flutter_command.dart:615:18)
#6      _asyncThenWrapperHelper.<anonymous closure> (dart:async-patch/async_patch.dart:73:64)
#7      _rootRunUnary (dart:async/zone.dart:1134:38)
#8      _CustomZone.runUnary (dart:async/zone.dart:1031:19)
#9      _FutureListener.handleValue (dart:async/future_impl.dart:139:18)
#10     Future._propagateToListeners.handleValueCallback (dart:async/future_impl.dart:680:45)
#11     Future._propagateToListeners (dart:async/future_impl.dart:709:32)
#12     Future._completeWithValue (dart:async/future_impl.dart:524:5)
#13     Future._asyncComplete.<anonymous closure> (dart:async/future_impl.dart:554:7)
#14     _rootRun (dart:async/zone.dart:1126:13)
#15     _CustomZone.run (dart:async/zone.dart:1023:19)
#16     _CustomZone.runGuarded (dart:async/zone.dart:925:7)
#17     _CustomZone.bindCallbackGuarded.<anonymous closure> (dart:async/zone.dart:965:23)
#18     _microtaskLoop (dart:async/schedule_microtask.dart:43:21)
#19     _startMicrotaskLoop (dart:async/schedule_microtask.dart:52:5)
#20     _runPendingImmediateCallback (dart:isolate-patch/isolate_patch.dart:118:13)
#21     _RawReceivePortImpl._handleMessage (dart:isolate-patch/isolate_patch.dart:175:5)
```

## flutter doctor

```
[32m[✓][39m Flutter (Channel stable, v1.12.13+hotfix.8, on Linux, locale en_US.UTF-8)
    [32m•[39m Flutter version 1.12.13+hotfix.8 at /root/development/flutter
    [32m•[39m Framework revision 0b8abb4724 (5 weeks ago), 2020-02-11 11:44:36 -0800
    [32m•[39m Engine revision e1e6ced81d
    [32m•[39m Dart version 2.7.0

[33m[!][39m Android toolchain - develop for Android devices (Android SDK version 29.0.3)
    [32m•[39m Android SDK at /root/Android/Sdk
    [32m•[39m Android NDK location not configured (optional; useful for native profiling support)
    [32m•[39m Platform android-29, build-tools 29.0.3
    [32m•[39m Java binary at: /snap/android-studio/83/android-studio/jre/bin/java
    [32m•[39m Java version openjdk version "1.8.0_212-release"
    [31m✗[39m Android license status unknown.
      Try re-installing or updating your Android SDK Manager.
      See https://developer.android.com/studio/#downloads or visit https://flutter.dev/setup/#android-setup for detailed instructions.

[32m[✓][39m Android Studio (version 3.6)
    [32m•[39m Android Studio at /snap/android-studio/83/android-studio
    [32m•[39m Flutter plugin version 44.0.2
    [32m•[39m Dart plugin version 192.7761
    [32m•[39m Java version openjdk version "1.8.0_212-release"

[32m[✓][39m VS Code (version 1.42.1)
    [32m•[39m VS Code at /usr/share/code
    [32m•[39m Flutter extension version 3.8.1

[32m[✓][39m Connected device (1 available)
    [32m•[39m SAMSUNG SM G928A • 06157df6d0b1390d • android-arm64 • Android 7.0 (API 24)

[33m![39m Doctor found issues in 1 category.
```
